Model directory: 20180402-114759
Metagraph file: model-20180402-114759.meta
Checkpoint file: model-20180402-114759.ckpt-275

./pic_upload/Elvis1.jpg
Running.....on ./pic_upload/Elvis1.jpg
error, ./pic_upload/Elvis1.jpg have more than one faces!!!

./pic_upload/Elvis2.jpg
Running.....on ./pic_upload/Elvis2.jpg
./pic_upload/Elvis2.jpg Success!!!!!!!!!!!!!!!

./pic_upload/Elvis3.jpg
Running.....on ./pic_upload/Elvis3.jpg
./pic_upload/Elvis3.jpg Success!!!!!!!!!!!!!!!

./pic_upload/Elvis4.jpg
Running.....on ./pic_upload/Elvis4.jpg
./pic_upload/Elvis4.jpg Success!!!!!!!!!!!!!!!

./pic_upload/Elvis5.jpg
Running.....on ./pic_upload/Elvis5.jpg
./pic_upload/Elvis5.jpg Success!!!!!!!!!!!!!!!

./pic_upload/Elvis6.jpg
Running.....on ./pic_upload/Elvis6.jpg
./pic_upload/Elvis6.jpg Success!!!!!!!!!!!!!!!

./pic_upload/Elvis7.jpg
Running.....on ./pic_upload/Elvis7.jpg
./pic_upload/Elvis7.jpg Success!!!!!!!!!!!!!!!

./pic_upload/Elvis8.jpg
Running.....on ./pic_upload/Elvis8.jpg
./pic_upload/Elvis8.jpg Success!!!!!!!!!!!!!!!

./pic_upload/elvy1.jpg
Running.....on ./pic_upload/elvy1.jpg
./pic_upload/elvy1.jpg Success!!!!!!!!!!!!!!!

./pic_upload/elvy2.jpg
Running.....on ./pic_upload/elvy2.jpg
./pic_upload/elvy2.jpg Success!!!!!!!!!!!!!!!

./pic_upload/elvy3.jpg
Running.....on ./pic_upload/elvy3.jpg
./pic_upload/elvy3.jpg Success!!!!!!!!!!!!!!!

./pic_upload/elvy4.jpg
Running.....on ./pic_upload/elvy4.jpg
./pic_upload/elvy4.jpg Success!!!!!!!!!!!!!!!

./pic_upload/elvy5.jpg
Running.....on ./pic_upload/elvy5.jpg
./pic_upload/elvy5.jpg Success!!!!!!!!!!!!!!!

./pic_upload/elvy6.jpg
Running.....on ./pic_upload/elvy6.jpg
./pic_upload/elvy6.jpg Success!!!!!!!!!!!!!!!

./pic_upload/Mi1.jpg
Running.....on ./pic_upload/Mi1.jpg
./pic_upload/Mi1.jpg Success!!!!!!!!!!!!!!!

./pic_upload/Mi2.jpg
Running.....on ./pic_upload/Mi2.jpg
./pic_upload/Mi2.jpg Success!!!!!!!!!!!!!!!

./pic_upload/Mi3.jpg
Running.....on ./pic_upload/Mi3.jpg
./pic_upload/Mi3.jpg Success!!!!!!!!!!!!!!!

./pic_upload/Mi4.jpg
Running.....on ./pic_upload/Mi4.jpg
./pic_upload/Mi4.jpg Success!!!!!!!!!!!!!!!
